<?xml version="1.0" encoding="UTF-8"?>
<testsuite xmlns:xsi="http://www.w3.org/2001/XMLSchema-instance" xsi:noNamespaceSchemaLocation="https://maven.apache.org/surefire/maven-surefire-plugin/xsd/surefire-test-report-3.0.xsd" version="3.0" name="structures.ArvoreAVLTest" time="0.176" tests="8" errors="0" skipped="0" failures="0">
  <properties>
[...]
</properties>
  <testcase name="testInserirEBuscar" classname="structures.ArvoreAVLTest" time="0.055"/>
  <testcase name="testArvoreBalanceada" classname="structures.ArvoreAVLTest" time="0.022">
    <system-out><![CDATA[Altura da árvore com 100 elementos: 7
]]></system-out>
  </testcase>
  <testcase name="testRemover" classname="structures.ArvoreAVLTest" time="0.015"/>
  <testcase name="testBuscarPorTituloInexistente" classname="structures.ArvoreAVLTest" time="0.002"/>
  <testcase name="testInOrder" classname="structures.ArvoreAVLTest" time="0.006"/>
  <testcase name="testIsEmpty" classname="structures.ArvoreAVLTest" time="0.005"/>
  <testcase name="testBuscarPorTitulo" classname="structures.ArvoreAVLTest" time="0.003"/>
  <testcase name="testInserirDuplicado" classname="structures.ArvoreAVLTest" time="0.001"/>
</testsuite>